<?xml version="1.0" encoding="UTF-8"?>
<!-- Generated by org.testng.reporters.JUnitReportReporter -->
<testsuite hostname="DESKTOP-D3TC1Q6" failures="0" tests="1" name="testNgAssignments.Assignment_1_Q2" time="7.216" errors="0" timestamp="2025-03-05T11:36:34 IST" skipped="0">
  <testcase classname="testNgAssignments.Assignment_1_Q2" name="verify_That_Logo_Is_Displayed_Or_Not_In_The_Login_Page" time="7.216"/>
</testsuite> <!-- testNgAssignments.Assignment_1_Q2 -->
