<?xml version="1.0" encoding="UTF-8"?>
<!-- Generated by org.testng.reporters.JUnitReportReporter -->
<testsuite hostname="DESKTOP-D3TC1Q6" failures="0" tests="6" name="testNgAssignments.Assignment_1_Q1" time="0.439" errors="0" timestamp="2025-03-06T09:04:44 IST" skipped="0">
  <testcase classname="testNgAssignments.Assignment_1_Q1" name="verifyTheURLOfThePage" time="0.093"/>
  <testcase classname="testNgAssignments.Assignment_1_Q1" name="verifyTheTitleOfThePage" time="0.071"/>
  <testcase classname="testNgAssignments.Assignment_1_Q1" name="verifyTheCountOfRadioButtonsDisplayedOnThePage" time="0.051"/>
  <testcase classname="testNgAssignments.Assignment_1_Q1" name="verifyTheCountOfButtonsDisplayedOnThePage" time="0.031"/>
  <testcase classname="testNgAssignments.Assignment_1_Q1" name="verifyTheYesRadioButtonIsDeselectedByDefault" time="0.050"/>
  <testcase classname="testNgAssignments.Assignment_1_Q1" name="verifyThatNoRadioButtonIsSelectedOrNotAfterClickingOnIt" time="0.143"/>
</testsuite> <!-- testNgAssignments.Assignment_1_Q1 -->
