<?xml version="1.0" encoding="UTF-8"?>
<!-- Generated by org.testng.reporters.JUnitReportReporter -->
<testsuite hostname="DESKTOP-D3TC1Q6" failures="0" tests="2" name="testNgPrograms.FirstProgram" time="16.791" errors="0" timestamp="2025-03-04T21:36:55 IST" skipped="0">
  <testcase classname="testNgPrograms.FirstProgram" name="verifyTheExactPageIsOpensWhileHittingTheURL" time="7.724"/>
  <testcase classname="testNgPrograms.FirstProgram" name="verifyTheLogoIsDisplayedOrNot" time="9.067"/>
</testsuite> <!-- testNgPrograms.FirstProgram -->
