<?xml version="1.0" encoding="UTF-8"?>
<!-- Generated by org.testng.reporters.JUnitReportReporter -->
<testsuite hostname="DESKTOP-D3TC1Q6" failures="0" tests="1" name="testNgAssignments.AssignmentAssertions_Q2" time="19.049" errors="0" timestamp="2025-03-06T10:05:57 IST" skipped="0">
  <testcase classname="testNgAssignments.AssignmentAssertions_Q2" name="verify_Unsuccessful_Login_By_Invalid_Username_And_Valid_Password" time="19.049"/>
</testsuite> <!-- testNgAssignments.AssignmentAssertions_Q2 -->
