<?xml version="1.0" encoding="UTF-8"?>
<!-- Generated by org.testng.reporters.JUnitReportReporter -->
<testsuite hostname="DESKTOP-D3TC1Q6" failures="0" tests="2" name="practise.Sample" time="0.122" errors="0" timestamp="2025-03-04T21:35:46 IST" skipped="0">
  <testcase classname="practise.Sample" name="verifyTheExactPageIsOpensWhileHittingTheURL" time="0.027"/>
  <testcase classname="practise.Sample" name="verifyTheLogoIsDisplayedOrNot" time="0.095"/>
</testsuite> <!-- practise.Sample -->
