<?xml version="1.0" encoding="UTF-8"?>
<!-- Generated by org.testng.reporters.JUnitReportReporter -->
<testsuite hostname="DESKTOP-D3TC1Q6" failures="0" tests="1" name="testNgPrograms.AssertionEg" time="14.244" errors="0" timestamp="2025-03-06T21:28:35 IST" skipped="0">
  <testcase classname="testNgPrograms.AssertionEg" name="verifyToSelect_RedGreen_FromSecondSelectColorDropdown" time="14.244"/>
</testsuite> <!-- testNgPrograms.AssertionEg -->
