<?xml version="1.0" encoding="UTF-8"?>
<!-- Generated by org.testng.reporters.JUnitReportReporter -->
<testsuite hostname="DESKTOP-D3TC1Q6" failures="0" tests="3" name="testNgPrograms.AnnotationHierarchy" time="0.037" errors="0" timestamp="2025-03-05T09:02:39 IST" skipped="0">
  <testcase classname="testNgPrograms.AnnotationHierarchy" name="testCase2" time="0.007"/>
  <testcase classname="testNgPrograms.AnnotationHierarchy" name="testCase3" time="0.007"/>
  <testcase classname="testNgPrograms.AnnotationHierarchy" name="testCase1" time="0.023"/>
</testsuite> <!-- testNgPrograms.AnnotationHierarchy -->
